<?xml version="1.0" encoding="UTF-8"?>
<!-- Generated by org.testng.reporters.JUnitXMLReporter -->
<testsuite ignored="0" hostname="Mahi" failures="1" tests="1" name="Default test" time="27.907" errors="0" timestamp="2024-10-08T22:21:12 IST">
  <testcase classname="io.cucumber.testng.AbstractTestNGCucumberTests" name="runScenario" time="26.699">
    <failure type="java.lang.NullPointerException" message="Cannot invoke &amp;quot;org.openqa.selenium.WebDriver.findElement(org.openqa.selenium.By)&amp;quot; because &amp;quot;this.driver&amp;quot; is null">
      <![CDATA[java.lang.NullPointerException: Cannot invoke "org.openqa.selenium.WebDriver.findElement(org.openqa.selenium.By)" because "this.driver" is null
at PageObjectClasses.UsableFunctions.enterLoginCredentials(UsableFunctions.java:37)
at StepDefinitions.LoginPageSteps.i_want_to_open_the_irctc(LoginPageSteps.java:10)
at ✽.I want to open the irctc QAURL(file:///C:/Users/psuga/eclipse-workspace/SuganthFramework/src/test/java/Features/Test%20Cases%201.feature:21)
]]>
    </failure>
  </testcase> <!-- runScenario -->
</testsuite> <!-- Default test -->
