<?xml version="1.0" encoding="UTF-8"?>
<!-- Generated by org.testng.reporters.JUnitXMLReporter -->
<testsuite ignored="0" hostname="Mahi" failures="1" tests="1" name="Test" time="0.207" errors="0" timestamp="2024-08-29T18:54:45 IST">
  <testcase classname="Helpers.Initialization" name="InvokeBrowser" time="0.11">
    <failure type="java.lang.Exception" message="Incorrect Browser Name">
      <![CDATA[java.lang.Exception: Incorrect Browser Name
at Helpers.Initialization.InvokeBrowser(Initialization.java:27)
at java.base/java.util.ArrayList.forEach(ArrayList.java:1597)
... Removed 25 stack frames]]>
    </failure>
  </testcase> <!-- InvokeBrowser -->
</testsuite> <!-- Test -->
