<?xml version="1.0" encoding="UTF-8"?>
<testng-results ignored="0" total="2" passed="2" failed="0" skipped="0">
  <reporter-output>
  </reporter-output>
  <suite started-at="2024-08-30T14:45:58 IST" name="Default suite" finished-at="2024-08-30T14:46:15 IST" duration-ms="17451">
    <groups>
    </groups>
    <test started-at="2024-08-30T14:45:58 IST" name="Default test" finished-at="2024-08-30T14:46:15 IST" duration-ms="17451">
      <class name="Helpers.Initialization">
        <test-method signature="InvokeBrowser()[pri:0, instance:Helpers.Initialization@d9345cd]" started-at="2024-08-30T14:45:58 IST" name="InvokeBrowser" finished-at="2024-08-30T14:46:01 IST" duration-ms="2667" status="PASS">
          <reporter-output>
          </reporter-output>
        </test-method> <!-- InvokeBrowser -->
        <test-method signature="loadURL()[pri:0, instance:Helpers.Initialization@d9345cd]" started-at="2024-08-30T14:46:01 IST" name="loadURL" finished-at="2024-08-30T14:46:15 IST" duration-ms="14623" status="PASS">
          <reporter-output>
          </reporter-output>
        </test-method> <!-- loadURL -->
      </class> <!-- Helpers.Initialization -->
    </test> <!-- Default test -->
  </suite> <!-- Default suite -->
</testng-results>
