<?xml version="1.0" encoding="UTF-8"?>
<testng-results ignored="0" total="2" passed="0" failed="2" skipped="0">
  <reporter-output>
  </reporter-output>
  <suite started-at="2024-12-27T01:47:10 IST" name="Suite" finished-at="2024-12-27T01:47:11 IST" duration-ms="726">
    <groups>
      <group name="cucumber">
        <method signature="AbstractTestNGCucumberTests.runScenario(io.cucumber.testng.PickleWrapper,io.cucumber.testng.FeatureWrapper)[pri:0, instance:TestRunner.TestNGCucumberRunner@3ad83a66]" name="runScenario" class="io.cucumber.testng.AbstractTestNGCucumberTests"/>
      </group> <!-- cucumber -->
    </groups>
    <test started-at="2024-12-27T01:47:10 IST" name="Test" finished-at="2024-12-27T01:47:11 IST" duration-ms="726">
      <class name="TestRunner.TestNGCucumberRunner">
        <test-method is-config="true" signature="setUpClass(org.testng.ITestContext)[pri:0, instance:TestRunner.TestNGCucumberRunner@3ad83a66]" started-at="2024-12-27T01:47:10 IST" name="setUpClass" finished-at="2024-12-27T01:47:11 IST" duration-ms="535" status="PASS">
          <params>
            <param index="0">
              <value>
                <![CDATA[org.testng.TestRunner@6f8d7714]]>
              </value>
            </param>
          </params>
          <reporter-output>
          </reporter-output>
        </test-method> <!-- setUpClass -->
        <test-method signature="runScenario(io.cucumber.testng.PickleWrapper,io.cucumber.testng.FeatureWrapper)[pri:0, instance:TestRunner.TestNGCucumberRunner@3ad83a66]" started-at="2024-12-27T01:47:11 IST" name="runScenario" description="Runs Cucumber Scenarios" data-provider="scenarios" finished-at="2024-12-27T01:47:11 IST" duration-ms="98" status="FAIL">
          <params>
            <param index="0">
              <value>
                <![CDATA["Price validation from the mobile section"]]>
              </value>
            </param>
            <param index="1">
              <value>
                <![CDATA["Create a selenium framework by using IRCTC website"]]>
              </value>
            </param>
          </params>
          <exception class="java.lang.NullPointerException">
            <message>
              <![CDATA[Cannot invoke "org.openqa.selenium.WebDriver.get(String)" because "this.driver" is null]]>
            </message>
            <full-stacktrace>
              <![CDATA[java.lang.NullPointerException: Cannot invoke "org.openqa.selenium.WebDriver.get(String)" because "this.driver" is null
at StepDefinitions.PriceValidationSteps.open_the_amazon_webpage(PriceValidationSteps.java:14)
at ✽.open the Amazon webpage 'QAURL'(file:///C:/Users/psuga/eclipse-workspace/SuganthFramework/src/test/java/Features/Price%20Validation.feature:5)
]]>
            </full-stacktrace>
          </exception> <!-- java.lang.NullPointerException -->
          <reporter-output>
          </reporter-output>
        </test-method> <!-- runScenario -->
        <test-method signature="runScenario(io.cucumber.testng.PickleWrapper,io.cucumber.testng.FeatureWrapper)[pri:0, instance:TestRunner.TestNGCucumberRunner@3ad83a66]" started-at="2024-12-27T01:47:11 IST" name="runScenario" description="Runs Cucumber Scenarios" data-provider="scenarios" finished-at="2024-12-27T01:47:11 IST" duration-ms="16" status="FAIL">
          <params>
            <param index="0">
              <value>
                <![CDATA["Price validation from the search bar"]]>
              </value>
            </param>
            <param index="1">
              <value>
                <![CDATA["Create a selenium framework by using IRCTC website"]]>
              </value>
            </param>
          </params>
          <exception class="java.lang.NullPointerException">
            <message>
              <![CDATA[Cannot invoke "org.openqa.selenium.WebDriver.get(String)" because "this.driver" is null]]>
            </message>
            <full-stacktrace>
              <![CDATA[java.lang.NullPointerException: Cannot invoke "org.openqa.selenium.WebDriver.get(String)" because "this.driver" is null
at StepDefinitions.PriceValidationSteps.open_the_amazon_webpage(PriceValidationSteps.java:14)
at ✽.open the Amazon webpage 'QAURL'(file:///C:/Users/psuga/eclipse-workspace/SuganthFramework/src/test/java/Features/Price%20Validation.feature:19)
]]>
            </full-stacktrace>
          </exception> <!-- java.lang.NullPointerException -->
          <reporter-output>
          </reporter-output>
        </test-method> <!-- runScenario -->
        <test-method is-config="true" signature="tearDownClass()[pri:0, instance:TestRunner.TestNGCucumberRunner@3ad83a66]" started-at="2024-12-27T01:47:11 IST" name="tearDownClass" finished-at="2024-12-27T01:47:11 IST" duration-ms="19" status="PASS">
          <reporter-output>
          </reporter-output>
        </test-method> <!-- tearDownClass -->
      </class> <!-- TestRunner.TestNGCucumberRunner -->
    </test> <!-- Test -->
  </suite> <!-- Suite -->
</testng-results>
