<?xml version="1.0" encoding="UTF-8"?>
<!-- Generated by org.testng.reporters.JUnitReportReporter -->
<testsuite hostname="Mahi" failures="0" tests="2" name="TestRunner.TestNGCucumberRunner" time="0.114" errors="2" timestamp="2024-12-27T01:47:11 IST" skipped="0">
  <testcase classname="TestRunner.TestNGCucumberRunner" name="runScenario" time="0.098">
    <error message="Cannot invoke &quot;org.openqa.selenium.WebDriver.get(String)&quot; because &quot;this.driver&quot; is null" type="java.lang.NullPointerException">
      <![CDATA[java.lang.NullPointerException: Cannot invoke "org.openqa.selenium.WebDriver.get(String)" because "this.driver" is null
at StepDefinitions.PriceValidationSteps.open_the_amazon_webpage(PriceValidationSteps.java:14)
at ✽.open the Amazon webpage 'QAURL'(file:///C:/Users/psuga/eclipse-workspace/SuganthFramework/src/test/java/Features/Price%20Validation.feature:5)
]]>
    </error>
  </testcase> <!-- runScenario -->
  <testcase classname="TestRunner.TestNGCucumberRunner" name="runScenario" time="0.016">
    <error message="Cannot invoke &quot;org.openqa.selenium.WebDriver.get(String)&quot; because &quot;this.driver&quot; is null" type="java.lang.NullPointerException">
      <![CDATA[java.lang.NullPointerException: Cannot invoke "org.openqa.selenium.WebDriver.get(String)" because "this.driver" is null
at StepDefinitions.PriceValidationSteps.open_the_amazon_webpage(PriceValidationSteps.java:14)
at ✽.open the Amazon webpage 'QAURL'(file:///C:/Users/psuga/eclipse-workspace/SuganthFramework/src/test/java/Features/Price%20Validation.feature:19)
]]>
    </error>
  </testcase> <!-- runScenario -->
</testsuite> <!-- TestRunner.TestNGCucumberRunner -->
